[    0.000000] Linux version 4.15.0-42-generic (buildd@lgw01-amd64-023) (gcc version 7.3.0 (Ubuntu 7.3.0-16ubuntu3)) #45-Ubuntu SMP Thu Nov 15 19:32:57 UTC 2018 (Ubuntu 4.15.0-42.45-generic 4.15.18)
[    0.000000] Command line: BOOT_IMAGE=/boot/vmlinuz-4.15.0-42-generic root=LABEL=cloudimg-rootfs ro console=tty1 console=ttyS0
[    0.000000] KERNEL supported cpus:
[    0.000000]   Intel GenuineIntel
[    0.000000]   AMD AuthenticAMD
[    0.000000]   Centaur CentaurHauls
[    0.000000] x86/fpu: Supporting XSAVE feature 0x001: 'x87 floating point registers'
[    0.000000] x86/fpu: Supporting XSAVE feature 0x002: 'SSE registers'
[    0.000000] x86/fpu: Supporting XSAVE feature 0x004: 'AVX registers'
[    0.000000] x86/fpu: xstate_offset[2]:  576, xstate_sizes[2]:  256
[    0.000000] x86/fpu: Enabled xstate features 0x7, context size is 832 bytes, using 'standard' format.
[    0.000000] e820: BIOS-provided physical RAM map:
[    0.000000] BIOS-e820: [mem 0x0000000000000000-0x000000000009fbff] usable
[    0.000000] BIOS-e820: [mem 0x000000000009fc00-0x000000000009ffff] reserved
[    0.000000] BIOS-e820: [mem 0x00000000000f0000-0x00000000000fffff] reserved
[    0.000000] BIOS-e820: [mem 0x0000000000100000-0x00000000dffeffff] usable
[    0.000000] BIOS-e820: [mem 0x00000000dfff0000-0x00000000dfffffff] ACPI data
[    0.000000] BIOS-e820: [mem 0x00000000fec00000-0x00000000fec00fff] reserved
[    0.000000] BIOS-e820: [mem 0x00000000fee00000-0x00000000fee00fff] reserved
[    0.000000] BIOS-e820: [mem 0x00000000fffc0000-0x00000000ffffffff] reserved
[    0.000000] BIOS-e820: [mem 0x0000000100000000-0x000000011fffffff] usable
[    0.000000] NX (Execute Disable) protection: active
[    0.000000] SMBIOS 2.5 present.
[    0.000000] DMI: innotek GmbH VirtualBox/VirtualBox, BIOS VirtualBox 12/01/2006
[    0.000000] Hypervisor detected: KVM
[    0.000000] e820: last_pfn = 0x120000 max_arch_pfn = 0x400000000
[    0.000000] MTRR: Disabled
[    0.000000] x86/PAT: MTRRs disabled, skipping PAT initialization too.
[    0.000000] CPU MTRRs all blank - virtualized system.
[    0.000000] x86/PAT: Configuration [0-7]: WB  WT  UC- UC  WB  WT  UC- UC  
[    0.000000] e820: last_pfn = 0xdfff0 max_arch_pfn = 0x400000000
[    0.000000] found SMP MP-table at [mem 0x0009fff0-0x0009ffff] mapped at [        (ptrval)]
[    0.000000] Scanning 1 areas for low memory corruption
[    0.000000] RAMDISK: [mem 0x35ae5000-0x36d69fff]
[    0.000000] ACPI: Early table checksum verification disabled
[    0.000000] ACPI: RSDP 0x00000000000E0000 000024 (v02 VBOX  )
[    0.000000] ACPI: XSDT 0x00000000DFFF0030 00003C (v01 VBOX   VBOXXSDT 00000001 ASL  00000061)
[    0.000000] ACPI: FACP 0x00000000DFFF00F0 0000F4 (v04 VBOX   VBOXFACP 00000001 ASL  00000061)
[    0.000000] ACPI: DSDT 0x00000000DFFF0470 0021FF (v02 VBOX   VBOXBIOS 00000002 INTL 20100528)
[    0.000000] ACPI: FACS 0x00000000DFFF0200 000040
[    0.000000] ACPI: FACS 0x00000000DFFF0200 000040
[    0.000000] ACPI: APIC 0x00000000DFFF0240 00005C (v02 VBOX   VBOXAPIC 00000001 ASL  00000061)
[    0.000000] ACPI: SSDT 0x00000000DFFF02A0 0001CC (v01 VBOX   VBOXCPUT 00000002 INTL 20100528)
[    0.000000] No NUMA configuration found
[    0.000000] Faking a node at [mem 0x0000000000000000-0x000000011fffffff]
[    0.000000] NODE_DATA(0) allocated [mem 0x11ffd1000-0x11fffbfff]
[    0.000000] kvm-clock: cpu 0, msr 1:1ff50001, primary cpu clock
[    0.000000] kvm-clock: Using msrs 4b564d01 and 4b564d00
[    0.000000] kvm-clock: using sched offset of 5206469713 cycles
[    0.000000] clocksource: kvm-clock: mask: 0xffffffffffffffff max_cycles: 0x1cd42e4dffb, max_idle_ns: 881590591483 ns
[    0.000000] Zone ranges:
[    0.000000]   DMA      [mem 0x0000000000001000-0x0000000000ffffff]
[    0.000000]   DMA32    [mem 0x0000000001000000-0x00000000ffffffff]
[    0.000000]   Normal   [mem 0x0000000100000000-0x000000011fffffff]
[    0.000000]   Device   empty
[    0.000000] Movable zone start for each node
[    0.000000] Early memory node ranges
[    0.000000]   node   0: [mem 0x0000000000001000-0x000000000009efff]
[    0.000000]   node   0: [mem 0x0000000000100000-0x00000000dffeffff]
[    0.000000]   node   0: [mem 0x0000000100000000-0x000000011fffffff]
[    0.000000] Initmem setup node 0 [mem 0x0000000000001000-0x000000011fffffff]
[    0.000000] Reserved but unavailable: 98 pages
[    0.000000] ACPI: PM-Timer IO Port: 0x4008
[    0.000000] IOAPIC[0]: apic_id 2, version 32, address 0xfec00000, GSI 0-23
[    0.000000] ACPI: INT_SRC_OVR (bus 0 bus_irq 0 global_irq 2 dfl dfl)
[    0.000000] ACPI: INT_SRC_OVR (bus 0 bus_irq 9 global_irq 9 low level)
[    0.000000] Using ACPI (MADT) for SMP configuration information
[    0.000000] smpboot: Allowing 2 CPUs, 0 hotplug CPUs
[    0.000000] PM: Registered nosave memory: [mem 0x00000000-0x00000fff]
[    0.000000] PM: Registered nosave memory: [mem 0x0009f000-0x0009ffff]
[    0.000000] PM: Registered nosave memory: [mem 0x000a0000-0x000effff]
[    0.000000] PM: Registered nosave memory: [mem 0x000f0000-0x000fffff]
[    0.000000] PM: Registered nosave memory: [mem 0xdfff0000-0xdfffffff]
[    0.000000] PM: Registered nosave memory: [mem 0xe0000000-0xfebfffff]
[    0.000000] PM: Registered nosave memory: [mem 0xfec00000-0xfec00fff]
[    0.000000] PM: Registered nosave memory: [mem 0xfec01000-0xfedfffff]
[    0.000000] PM: Registered nosave memory: [mem 0xfee00000-0xfee00fff]
[    0.000000] PM: Registered nosave memory: [mem 0xfee01000-0xfffbffff]
[    0.000000] PM: Registered nosave memory: [mem 0xfffc0000-0xffffffff]
[    0.000000] e820: [mem 0xe0000000-0xfebfffff] available for PCI devices
[    0.000000] Booting paravirtualized kernel on KVM
[    0.000000] clocksource: refined-jiffies: mask: 0xffffffff max_cycles: 0xffffffff, max_idle_ns: 7645519600211568 ns
[    0.000000] random: get_random_bytes called from start_kernel+0x99/0x4fd with crng_init=0
[    0.000000] setup_percpu: NR_CPUS:8192 nr_cpumask_bits:2 nr_cpu_ids:2 nr_node_ids:1
[    0.000000] percpu: Embedded 46 pages/cpu @        (ptrval) s151552 r8192 d28672 u1048576
[    0.000000] PV qspinlock hash table entries: 256 (order: 0, 4096 bytes)
[    0.000000] Built 1 zonelists, mobility grouping on.  Total pages: 1032057
[    0.000000] Policy zone: Normal
[    0.000000] Kernel command line: BOOT_IMAGE=/boot/vmlinuz-4.15.0-42-generic root=LABEL=cloudimg-rootfs ro console=tty1 console=ttyS0
[    0.000000] Memory: 4014228K/4193848K available (12300K kernel code, 2472K rwdata, 4252K rodata, 2408K init, 2416K bss, 179620K reserved, 0K cma-reserved)
[    0.000000] SLUB: HWalign=64, Order=0-3, MinObjects=0, CPUs=2, Nodes=1
[    0.000000] Kernel/User page tables isolation: enabled
[    0.000000] ftrace: allocating 39186 entries in 154 pages
[    0.004000] Hierarchical RCU implementation.
[    0.004000] 	RCU restricting CPUs from NR_CPUS=8192 to nr_cpu_ids=2.
[    0.004000] 	Tasks RCU enabled.
[    0.004000] RCU: Adjusting geometry for rcu_fanout_leaf=16, nr_cpu_ids=2
[    0.004000] NR_IRQS: 524544, nr_irqs: 440, preallocated irqs: 16
[    0.004000] Console: colour VGA+ 80x25
[    0.004000] console [tty1] enabled
[    0.004000] console [ttyS0] enabled
[    0.004000] ACPI: Core revision 20170831
[    0.004000] ACPI: 2 ACPI AML tables successfully acquired and loaded
[    0.004000] APIC: Switch to symmetric I/O mode setup
[    0.004000] x2apic enabled
[    0.004000] Switched APIC routing to physical x2apic.
[    0.007964] ..TIMER: vector=0x30 apic1=0 pin1=2 apic2=-1 pin2=-1
[    0.008009] tsc: Detected 3392.292 MHz processor
[    0.012036] Calibrating delay loop (skipped) preset value.. 6784.58 BogoMIPS (lpj=13569168)
[    0.014606] pid_max: default: 32768 minimum: 301
[    0.016080] Security Framework initialized
[    0.017398] Yama: becoming mindful.
[    0.018604] AppArmor: AppArmor initialized
[    0.032289] Dentry cache hash table entries: 524288 (order: 10, 4194304 bytes)
[    0.044245] Inode-cache hash table entries: 262144 (order: 9, 2097152 bytes)
[    0.048054] Mount-cache hash table entries: 8192 (order: 4, 65536 bytes)
[    0.050114] Mountpoint-cache hash table entries: 8192 (order: 4, 65536 bytes)
[    0.052527] mce: CPU supports 0 MCE banks
[    0.053915] Last level iTLB entries: 4KB 512, 2MB 8, 4MB 8
[    0.055550] Last level dTLB entries: 4KB 512, 2MB 32, 4MB 32, 1GB 0
[    0.056009] Spectre V2 : Mitigation: Full generic retpoline
[    0.058242] Spectre V2 : Spectre v2 / SpectreRSB mitigation: Filling RSB on context switch
[    0.060024] Speculative Store Bypass: Vulnerable
[    0.064329] Freeing SMP alternatives memory: 36K
[    0.072000] smpboot: CPU0: Intel(R) Core(TM) i7-2600 CPU @ 3.40GHz (family: 0x6, model: 0x2a, stepping: 0x7)
[    0.072000] Performance Events: unsupported p6 CPU model 42 no PMU driver, software events only.
[    0.072109] Hierarchical SRCU implementation.
[    0.076521] NMI watchdog: Perf event create on CPU 0 failed with -2
[    0.078373] NMI watchdog: Perf NMI watchdog permanently disabled
[    0.080000] smp: Bringing up secondary CPUs ...
[    0.088178] x86: Booting SMP configuration:
[    0.092024] .... node  #0, CPUs:      #1
[    0.004000] kvm-clock: cpu 1, msr 1:1ff50041, secondary cpu clock
[    0.004000] mce: CPU supports 0 MCE banks
[    0.098963] smp: Brought up 1 node, 2 CPUs
[    0.100015] smpboot: Max logical packages: 1
[    0.101381] smpboot: Total of 2 processors activated (13569.16 BogoMIPS)
[    0.104005] devtmpfs: initialized
[    0.105226] x86/mm: Memory block size: 128MB
[    0.107535] evm: security.selinux
[    0.108008] evm: security.SMACK64
[    0.109130] evm: security.SMACK64EXEC
[    0.110346] evm: security.SMACK64TRANSMUTE
[    0.111705] evm: security.SMACK64MMAP
[    0.112007] evm: security.apparmor
[    0.113172] evm: security.ima
[    0.114386] evm: security.capability
[    0.116210] clocksource: jiffies: mask: 0xffffffff max_cycles: 0xffffffff, max_idle_ns: 7645041785100000 ns
[    0.120042] futex hash table entries: 512 (order: 3, 32768 bytes)
[    0.121964] pinctrl core: initialized pinctrl subsystem
[    0.124042] RTC time: 16:37:18, date: 04/22/19
[    0.125738] NET: Registered protocol family 16
[    0.127345] audit: initializing netlink subsys (disabled)
[    0.128068] audit: type=2000 audit(1555951045.906:1): state=initialized audit_enabled=0 res=1
[    0.132058] cpuidle: using governor ladder
[    0.133367] cpuidle: using governor menu
[    0.134783] ACPI: bus type PCI registered
[    0.136009] acpiphp: ACPI Hot Plug PCI Controller Driver version: 0.5
[    0.138090] PCI: Using configuration type 1 for base access
[    0.144071] HugeTLB registered 2.00 MiB page size, pre-allocated 0 pages
[    0.146131] ACPI: Added _OSI(Module Device)
[    0.148013] ACPI: Added _OSI(Processor Device)
[    0.149523] ACPI: Added _OSI(3.0 _SCP Extensions)
[    0.151236] ACPI: Added _OSI(Processor Aggregator Device)
[    0.152027] ACPI: Added _OSI(Linux-Dell-Video)
[    0.153439] ACPI: Added _OSI(Linux-Lenovo-NV-HDMI-Audio)
[    0.156185] ACPI: Executed 1 blocks of module-level executable AML code
[    0.171029] ACPI: Interpreter enabled
[    0.172000] ACPI: (supports S0 S5)
[    0.172009] ACPI: Using IOAPIC for interrupt routing
[    0.174406] PCI: Using host bridge windows from ACPI; if necessary, use "pci=nocrs" and report a bug
[    0.176463] ACPI: Enabled 2 GPEs in block 00 to 07
[    0.198006] ACPI: PCI Root Bridge [PCI0] (domain 0000 [bus 00-ff])
[    0.200015] acpi PNP0A03:00: _OSC: OS supports [ASPM ClockPM Segments MSI]
[    0.202052] acpi PNP0A03:00: _OSC: not requesting OS control; OS requires [ExtendedConfig ASPM ClockPM MSI]
[    0.204041] acpi PNP0A03:00: fail to add MMCONFIG information, can't access extended PCI configuration space under this bridge.
[    0.208696] PCI host bridge to bus 0000:00
[    0.210020] pci_bus 0000:00: root bus resource [io  0x0000-0x0cf7 window]
[    0.212014] pci_bus 0000:00: root bus resource [io  0x0d00-0xffff window]
[    0.216015] pci_bus 0000:00: root bus resource [mem 0x000a0000-0x000bffff window]
[    0.218328] pci_bus 0000:00: root bus resource [mem 0xe0000000-0xfdffffff window]
[    0.220014] pci_bus 0000:00: root bus resource [bus 00-ff]
[    0.227014] pci 0000:00:01.1: legacy IDE quirk: reg 0x10: [io  0x01f0-0x01f7]
[    0.228012] pci 0000:00:01.1: legacy IDE quirk: reg 0x14: [io  0x03f6]
[    0.229937] pci 0000:00:01.1: legacy IDE quirk: reg 0x18: [io  0x0170-0x0177]
[    0.232017] pci 0000:00:01.1: legacy IDE quirk: reg 0x1c: [io  0x0376]
[    0.298989] pci 0000:00:07.0: quirk: [io  0x4000-0x403f] claimed by PIIX4 ACPI
[    0.300045] pci 0000:00:07.0: quirk: [io  0x4100-0x410f] claimed by PIIX4 SMB
[    0.345781] ACPI: PCI Interrupt Link [LNKA] (IRQs 5 9 10 *11)
[    0.348674] ACPI: PCI Interrupt Link [LNKB] (IRQs 5 9 *10 11)
[    0.351312] ACPI: PCI Interrupt Link [LNKC] (IRQs 5 *9 10 11)
[    0.352277] ACPI: PCI Interrupt Link [LNKD] (IRQs 5 9 10 *11)
[    0.354591] SCSI subsystem initialized
[    0.356048] pci 0000:00:02.0: vgaarb: setting as boot VGA device
[    0.357747] pci 0000:00:02.0: vgaarb: VGA device added: decodes=io+mem,owns=io+mem,locks=none
[    0.360007] pci 0000:00:02.0: vgaarb: bridge control possible
[    0.361691] vgaarb: loaded
[    0.362702] ACPI: bus type USB registered
[    0.364043] usbcore: registered new interface driver usbfs
[    0.368017] usbcore: registered new interface driver hub
[    0.369621] usbcore: registered new device driver usb
[    0.372026] EDAC MC: Ver: 3.0.0
[    0.373385] PCI: Using ACPI for IRQ routing
[    0.373766] NetLabel: Initializing
[    0.374873] NetLabel:  domain hash size = 128
[    0.376004] NetLabel:  protocols = UNLABELED CIPSOv4 CALIPSO
[    0.377717] NetLabel:  unlabeled traffic allowed by default
[    0.380173] clocksource: Switched to clocksource kvm-clock
[    0.502432] VFS: Disk quotas dquot_6.6.0
[    0.503749] VFS: Dquot-cache hash table entries: 512 (order 0, 4096 bytes)
[    0.505944] AppArmor: AppArmor Filesystem Enabled
[    0.507368] pnp: PnP ACPI init
[    0.510787] pnp: PnP ACPI: found 3 devices
[    0.522928] clocksource: acpi_pm: mask: 0xffffff max_cycles: 0xffffff, max_idle_ns: 2085701024 ns
[    0.525729] NET: Registered protocol family 2
[    0.527459] TCP established hash table entries: 32768 (order: 6, 262144 bytes)
[    0529852] TCP bind hash table entries: 32768 (order: 7, 524288 bytes)
[    0.565589] TCP: Hash tables configured (established 32768 bind 32768)
[    0.567513] UDP hash table entries: 2048 (order: 4, 65536 bytes)
[    0.569279] UDP-Lite hash table entries: 2048 (order: 4, 65536 bytes)
[    0.571177] NET: Registered protocol family 1
[    0.572508] pci 0000:00:00.0: Limiting direct PCI/PCI transfers
[    0.574281] pci 0000:00:01.0: Activating ISA DMA hang workarounds
[    0.576105] pci 0000:00:02.0: Video device with shadowed ROM at [mem 0x000c0000-0x000dffff]
[    0.578708] Unpacking initramfs...

[    1.661476] Freeing initrd memory: 18964K
[    1.662806] PCI-DMA: Using software bounce buffering for IO (SWIOTLB)
[    1.664741] software IO TLB [mem 0xdbff0000-0xdfff0000] (64MB) mapped at [        (ptrval)-        (ptrval)]
[    1.668070] platform rtc_cmos: registered platform RTC device (no PNP device found)
[    1.670429] Scanning for low memory corruption every 60 seconds
[    1.673125] Initialise system trusted keyrings
[    1.674728] Key type blacklist registered
[    1.676120] workingset: timestamp_bits=36 max_order=20 bucket_order=0
[    1.680728] zbud: loaded
[    1.705025] squashfs: version 4.0 (2009/01/31) Phillip Lougher
[    1.707131] fuse init (API version 7.26)
[    1.711542] Key type asymmetric registered
[    1.712932] Asymmetric key parser 'x509' registered
[    1.714489] Block layer SCSI generic (bsg) driver version 0.4 loaded (major 246)
[    1.716799] io scheduler noop registered
[    1.718017] io scheduler deadline registered
[    1.719443] io scheduler cfq registered (default)
[    1.721338] ACPI: AC Adapter [AC] (on-line)
[    1.722685] input: Power Button as /devices/LNXSYSTM:00/LNXPWRBN:00/input/input0
[    1.725172] ACPI: Power Button [PWRF]
[    1.726445] input: Sleep Button as /devices/LNXSYSTM:00/LNXSLPBN:00/input/input1
[    1.728701] ACPI: Sleep Button [SLPF]
[    1.730480] Serial: 8250/16550 driver, 32 ports, IRQ sharing enabled
[    1.757787] 00:02: ttyS0 at I/O 0x3f8 (irq = 4, base_baud = 115200) is a 16550A
[    1.764830] Linux agpgart interface v0.103
[    1.798209] loop: module loaded
[    1.800274] scsi host0: ata_piix
[    1.801621] scsi host1: ata_piix
[    1.802841] ata1: PATA max UDMA/33 cmd 0x1f0 ctl 0x3f6 bmdma 0xd000 irq 14
[    1.804838] ata2: PATA max UDMA/33 cmd 0x170 ctl 0x376 bmdma 0xd008 irq 15
[    1.806901] libphy: Fixed MDIO Bus: probed
[    1.808254] tun: Universal TUN/TAP device driver, 1.6
[    1.809969] PPP generic driver version 2.4.2
[    1.811382] ehci_hcd: USB 2.0 'Enhanced' Host Controller (EHCI) Driver
[    1.813287] ehci-pci: EHCI PCI platform driver
[    1.814656] ehci-platform: EHCI generic platform driver
[    1.816221] ohci_hcd: USB 1.1 'Open' Host Controller (OHCI) Driver
[    1.818009] ohci-pci: OHCI PCI platform driver
[    1.819371] ohci-platform: OHCI generic platform driver
[    1.821024] uhci_hcd: USB Universal Host Controller Interface driver
[    1.822905] i8042: PNP: PS/2 Controller [PNP0303:PS2K,PNP0f03:PS2M] at 0x60,0x64 irq 1,12
[    1.826161] serio: i8042 KBD port at 0x60,0x64 irq 1
[    1.827724] serio: i8042 AUX port at 0x60,0x64 irq 12
[    1.829505] mousedev: PS/2 mouse device common for all mice
[    1.832211] input: AT Translated Set 2 keyboard as /devices/platform/i8042/serio0/input/input2
[    1.834986] rtc_cmos rtc_cmos: rtc core: registered rtc_cmos as rtc0
[    1.836975] rtc_cmos rtc_cmos: alarms up to one day, 114 bytes nvram
[    1.838802] i2c /dev entries driver
[    1.840003] pcie_mp2_amd: AMD(R) PCI-E MP2 Communication Driver Version: 1.0
[    1.842147] device-mapper: uevent: version 1.0.3
[    1.843673] device-mapper: ioctl: 4.37.0-ioctl (2017-09-20) initialised: dm-devel@redhat.com
[    1.846265] ledtrig-cpu: registered to indicate activity on CPUs
[    1.848852] NET: Registered protocol family 10
[    1.855534] Segment Routing with IPv6
[    1.856768] NET: Registered protocol family 17
[    1.858183] Key type dns_resolver registered
[    1.865961] RAS: Correctable Errors collector initialized.
[    1.867635] sched_clock: Marking stable (1865849140, 0)->(3857175301, -1991326161)
[    1.870603] registered taskstats version 1
[    1.871863] Loading compiled-in X.509 certificates
[    1.876773] Loaded X.509 cert 'Build time autogenerated kernel key: 1663f0131deec003b89e364b3e1eacfdeb38eccf'
[    1.879752] zswap: loaded using pool lzo/zbud
[    1.886289] Key type big_key registered
[    1.887655] Key type trusted registered
[    1.891402] Key type encrypted registered
[    1.892681] AppArmor: AppArmor sha1 policy hashing enabled
[    1.894293] ima: No TPM chip found, activating TPM-bypass! (rc=-19)
[    1.896295] ima: Allocated hash algorithm: sha1
[    1.897750] evm: HMAC attrs: 0x1
[    1.899262]   Magic number: 15:917:641
[    1.900575] rtc_cmos rtc_cmos: setting system clock to 2019-04-22 16:37:20 UTC (1555951040)
[    1.903211] BIOS EDD facility v0.16 2004-Jun-25, 0 devices found
[    1.905005] EDD information not available.
[    1.973428] Freeing unused kernel memory: 2408K
[    1.980074] Write protecting the kernel read-only data: 20480k
[    1.983057] Freeing unused kernel memory: 2008K
[    1.993829] Freeing unused kernel memory: 1892K
[    2.024704] x86/mm: Checked W+X mappings: passed, no W+X pages found.
[    2.026679] x86/mm: Checking user space page tables
[    2.055819] x86/mm: Checked W+X mappings: passed, no W+X pages found.
Loading, please wait...
starting version 237
[    2.274995] Fusion MPT base driver 3.04.20
[    2.275125] e1000: Intel(R) PRO/1000 Network Driver - version 7.3.21-k8-NAPI
[    2.275126] e1000: Copyright (c) 1999-2006 Intel Corporation.
[    2.280894] Copyright (c) 1999-2008 LSI Corporation
[    2.293665] Fusion MPT SPI Host driver 3.04.20
[    2.316729] AVX version of gcm_enc/dec engaged.
[    2.319943] AES CTR mode by8 optimization enabled
[    2.496410] input: ImExPS/2 Generic Explorer Mouse as /devices/platform/i8042/serio1/input/input4
[    2.690310] tsc: Refined TSC clocksource calibration: 3390.899 MHz
[    2.692142] clocksource: tsc: mask: 0xffffffffffffffff max_cycles: 0x30e0b9337db, max_idle_ns: 440795218359 ns
[    2.789860] e1000 0000:00:03.0 eth0: (PCI:33MHz:32-bit) 02:b3:4a:7a:21:f1
[    2.791822] e1000 0000:00:03.0 eth0: Intel(R) PRO/1000 Network Connection
[    2.795809] mptbase: ioc0: Initiating bringup
[    3.354783] ioc0: LSI53C1030 A0: Capabilities={Initiator}
[    3.872844] scsi host2: ioc0: LSI53C1030 A0, FwRev=00000000h, Ports=1, MaxQ=256, IRQ=20
[    4.119176] scsi 2:0:0:0: Direct-Access     VBOX     HARDDISK         1.0  PQ: 0 ANSI: 5
[    4.157386] scsi target2:0:0: Beginning Domain Validation
[    4.212028] scsi target2:0:0: Domain Validation skipping write tests
[    4.213948] scsi target2:0:0: Ending Domain Validation
[    4.225708] scsi target2:0:0: asynchronous
[    4.228540] scsi 2:0:1:0: Direct-Access     VBOX     HARDDISK         1.0  PQ: 0 ANSI: 5
[    4.524373] scsi target2:0:1: Beginning Domain Validation
[    4.526486] random: fast init done
[    4.528397] scsi target2:0:1: Domain Validation skipping write tests
[    4.530271] scsi target2:0:1: Ending Domain Validation
[    4.531985] scsi target2:0:1: asynchronous
[    4.540236] random: systemd-udevd: uninitialized urandom read (16 bytes read)
[    4.540417] sd 2:0:0:0: Attached scsi generic sg0 type 0
[    4.540690] sd 2:0:1:0: Attached scsi generic sg1 type 0
[    4.540962] sd 2:0:0:0: [sda] 20971520 512-byte logical blocks: (10.7 GB/10.0 GiB)
[    4.541019] sd 2:0:0:0: [sda] Write Protect is off
[    4.541146] sd 2:0:0:0: [sda] Incomplete mode parameter data
[    4.541149] sd 2:0:0:0: [sda] Assuming drive cache: write through
[    4.542234]  sda: sda1
[    4.542832] sd 2:0:0:0: [sda] Attached SCSI disk
[    4.543050] sd 2:0:1:0: [sdb] 20480 512-byte logical blocks: (10.5 MB/10.0 MiB)
[    4.543106] sd 2:0:1:0: [sdb] Write Protect is off
[    4.543216] sd 2:0:1:0: [sdb] Incomplete mode parameter data
[    4.543218] sd 2:0:1:0: [sdb] Assuming drive cache: write through
[    4.545719] sd 2:0:1:0: [sdb] Attached SCSI disk
[    4.566358] random: systemd-udevd: uninitialized urandom read (16 bytes read)
[    4.568520] random: systemd-udevd: uninitialized urandom read (16 bytes read)
[    4.577349] e1000 0000:00:08.0 eth1: (PCI:33MHz:32-bit) 08:00:27:c7:9a:52
[    4.579313] e1000 0000:00:08.0 eth1: Intel(R) PRO/1000 Network Connection
[    4.588398] e1000 0000:00:08.0 enp0s8: renamed from eth1
[    4.604689] e1000 0000:00:03.0 enp0s3: renamed from eth0
Begin: Loading essential drivers ... [    6.596445] raid6: sse2x1   gen()  2969 MB/s
[    6.644270] raid6: sse2x1   xor()  1930 MB/s
[    6.692111] raid6: sse2x2   gen()  6705 MB/s
[    6.740430] raid6: sse2x2   xor()  3034 MB/s
[    6.788281] raid6: sse2x4   gen()  7204 MB/s
[    6.836106] raid6: sse2x4   xor()  4107 MB/s
[    6.837473] raid6: using algorithm sse2x4 gen() 7204 MB/s
[    6.839060] raid6: .... xor() 4107 MB/s, rmw enabled
[    6.840585] raid6: using ssse3x2 recovery algorithm
[    6.844272] xor: automatically using best checksumming function   avx       
[    6.848266] async_tx: api initialized (async)
done.
Begin: Running /scripts/init-premount ... done.
Begin: Mounting root file system ... Begin: Running /scripts/local-top ... done.
Begin: Running /scripts/local-premount ... [    6.957476] Btrfs loaded, crc32c=crc32c-intel
Scanning for Btrfs filesystems
done.
Warning: fsck not present, so skipping root file system
[    7.017252] EXT4-fs (sda1): mounted filesystem with ordered data mode. Opts: (null)
done.
Begin: Running /scripts/local-bottom ... done.
Begin: Running /scripts/init-bottom ... done.
[    7.508836] ip_tables: (C) 2000-2006 Netfilter Core Team
[    7.532568] systemd[1]: systemd 237 running in system mode. (+PAM +AUDIT +SELINUX +IMA +APPARMOR +SMACK +SYSVINIT +UTMP +LIBCRYPTSETUP +GCRYPT +GNUTLS +ACL +XZ +LZ4 +SECCOMP +BLKID +ELFUTILS +KMOD -IDN2 +IDN -PCRE2 default-hierarchy=hybrid)
[    7.538672] systemd[1]: Detected virtualization oracle.
[    7.542408] systemd[1]: Detected architecture x86-64.

Welcome to [1mUbuntu 18.04.1 LTS[0m!

[    7.553244] systemd[1]: Set hostname to <ubuntu>.
[    7.562042] systemd[1]: Initializing machine ID from random generator.
[    7.563996] systemd[1]: Installed transient /etc/machine-id file.
[    8.126669] systemd[1]: Started Forward Password Requests to Wall Directory Watch.
[[0;32m  OK  [0m] Started Forward Password Requests to Wall Directory Watch.
[    8.131096] systemd[1]: Reached target User and Group Name Lookups.
[[0;32m  OK  [0m] Reached target User and Group Name Lookups.
[    8.134628] systemd[1]: Reached target System Time Synchronized.
[[0;32m  OK  [0m] Reached target System Time Synchronized.
[    8.140325] systemd[1]: Created slice User and Session Slice.
[[0;32m  OK  [0m] Created slice User and Session Slice.
[[0;32m  OK  [0m] Set up automount Arbitrary Executab…rmats File System Automount Point.
[[0;32m  OK  [0m] Reached target Swap.
[[0;32m  OK  [0m] Created slice System Slice.
[[0;32m  OK  [0m] Listening on /dev/initctl Compatibility Named Pipe.
[[0;32m  OK  [0m] Listening on Device-mapper event daemon FIFOs.
[[0;32m  OK  [0m] Listening on udev Kernel Socket.
[[0;32m  OK  [0m] Listening on Journal Socket (/dev/log).
[[0;32m  OK  [0m] Listening on LVM2 metadata daemon socket.
[[0;32m  OK  [0m] Listening on Syslog Socket.
[[0;32m  OK  [0m] Listening on Journal Audit Socket.
[[0;32m  OK  [0m] Listening on LVM2 poll daemon socket.
[[0;32m  OK  [0m] Reached target Slices.
[[0;32m  OK  [0m] Listening on Network Service Netlink Socket.
[[0;32m  OK  [0m] Listening on udev Control Socket.
[[0;32m  OK  [0m] Listening on Journal Socket.
         Starting Create list of required st…ce nodes for the current kernel...
         Starting Load Kernel Modules...
         Mounting POSIX Message Queue File System...
         Starting Remount Root and Kernel File Systems...
[    8.202428] Loading iSCSI transport class v2.0-870.
[    8.214457] iscsi: registered transport (tcp)
         Starting udev Coldplug all Devices...
         Starting Uncomplicated firewall...
         Mounting Kernel Debug File System...
         Starting Monitoring of LVM2 mirrors…ng dmeventd or progress polling...
         Starting Set the console keyboard layout...
         Starting Journal Service...
         Mounting Huge Pages File System...
[[0;32m  OK  [0m] Created slice system-serial\x2dgetty.slice.
[[0;32m  OK  [0m] Started Create list of required sta…vice nodes for the current kernel.
         Starting Create Static Device Nodes in /dev...
[[0;32m  OK  [0m] Started Uncomplicated firewall.
[[0;32m  OK  [0m] Started udev Coldplug all Devices.
[[0;32m  OK  [0m] Started Journal Service.
[[0;32m  OK  [0m] Started Create Static Device Nodes in /dev.
[    8.638155] iscsi: registered transport (iser)
[[0;32m  OK  [0m] Started Load Kernel Modules.
         Mounting FUSE Control File System...
         Mounting Kernel Configuration File System...
         Starting Apply Kernel Variables...
[[0;32m  OK  [0m] Mounted POSIX Message Queue File System.
[[0;32m  OK  [0m] Started Remount Root and Kernel File Systems.
[[0;32m  OK  [0m] Mounted Kernel Debug File System.
[[0;32m  OK  [0m] Mounted Huge Pages File System.
[[0;32m  OK  [0m] Mounted FUSE Control File System.
[[0;32m  OK  [0m] Mounted Kernel Configuration File System.
[[0;32m  OK  [0m] Started Apply Kernel Variables.
         Starting Load/Save Random Seed...
         Starting Flush Journal to Persistent Storage...
         Starting Initial cloud-init job (pre-networking)...
         Starting udev Kernel Device Manager...
[[0;32m  OK  [0m] Started Load/Save Random Seed.
[[0;32m  OK  [0m] Started LVM2 metadata daemon.
[[0;32m  OK  [0m] Started udev Kernel Device Manager.
[[0;32m  OK  [0m] Started Monitoring of LVM2 mirrors,…sing dmeventd or progress polling.
[[0;32m  OK  [0m] Started Flush Journal to Persistent Storage.
[[0;32m  OK  [0m] Found device /dev/ttyS0.
[[0;32m  OK  [0m] Listening on Load/Save RF Kill Switch Status /dev/rfkill Watch.
[[0;32m  OK  [0m] Started Set the console keyboard layout.
[[0;32m  OK  [0m] Reached target Local File Systems (Pre).
[[0;32m  OK  [0m] Reached target Local File Systems.
         Starting Set console font and keymap...
         Starting ebtables ruleset management...
         Starting Commit a transient machine-id on disk...
         Starting AppArmor initialization...
         Starting Create Volatile Files and Directories...
         Starting Tell Plymouth To Write Out Runtime Data...
[[0;32m  OK  [0m] Started Dispatch Password Requests to Console Directory Watch.
[[0;32m  OK  [0m] Reached target Local Encrypted Volumes.
[[0;32m  OK  [0m] Started Set console font and keymap.
[[0;32m  OK  [0m] Started Tell Plymouth To Write Out Runtime Data.
[[0;32m  OK  [0m] Started Create Volatile Files and Directories.
         Starting Update UTMP about System Boot/Shutdown...
[[0;32m  OK  [0m] Started Commit a transient machine-id on disk.
[[0;32m  OK  [0m] Started Update UTMP about System Boot/Shutdown.
[[0;32m  OK  [0m] Started ebtables ruleset management.
[   14.287400] cloud-init[419]: Cloud-init v. 18.4-0ubuntu1~18.04.1 running 'init-local' at Mon, 22 Apr 2019 16:37:31 +0000. Up 13.08 seconds.
[[0;32m  OK  [0m] Started Initial cloud-init job (pre-networking).
[[0;32m  OK  [0m] Reached target Network (Pre).
         Starting Network Service...
[[0;32m  OK  [0m] Started Network Service.
         Starting Wait for Network to be Configured...
         Starting Network Name Resolution...
[[0;32m  OK  [0m] Started Network Name Resolution.
[[0;32m  OK  [0m] Reached target Network.
[[0;32m  OK  [0m] Reached target Host and Network Name Lookups.
[[0;32m  OK  [0m] Started AppArmor initialization.
[[0;32m  OK  [0m] Started Wait for Network to be Configured.
         Starting Initial cloud-init job (metadata service crawler)...
[   17.523977] cloud-init[724]: Cloud-init v. 18.4-0ubuntu1~18.04.1 running 'init' at Mon, 22 Apr 2019 16:37:35 +0000. Up 17.23 seconds.
[   17.527123] cloud-init[724]: ci-info: ++++++++++++++++++++++++++++++++++++++Net device info+++++++++++++++++++++++++++++++++++++++
[   17.540425] cloud-init[724]: ci-info: +--------+-------+----------------------------+---------------+--------+-------------------+
[   17.543384] cloud-init[724]: ci-info: | Device |   Up  |          Address           |      Mask     | Scope  |     Hw-Address    |
[   17.546424] cloud-init[724]: ci-info: +--------+-------+----------------------------+---------------+--------+-------------------+
[   17.549380] cloud-init[724]: ci-info: | enp0s3 |  True |         10.0.2.15          | 255.255.255.0 | global | 02:b3:4a:7a:21:f1 |
[   17.552354] cloud-init[724]: ci-info: | enp0s3 |  True | fe80::b3:4aff:fe7a:21f1/64 |       .       |  link  | 02:b3:4a:7a:21:f1 |
[   17.558935] cloud-init[724]: ci-info: | enp0s8 | False |             .              |       .       |   .    | 08:00:27:c7:9a:52 |
[   17.561577] cloud-init[724]: ci-info: |   lo   |  True |         127.0.0.1          |   255.0.0.0   |  host  |         .         |
[   17.564844] cloud-init[724]: ci-info: |   lo   |  True |          ::1/128           |       .       |  host  |         .         |
[   17.567407] cloud-init[724]: ci-info: +--------+-------+----------------------------+---------------+--------+-------------------+
[   17.569683] cloud-init[724]: ci-info: ++++++++++++++++++++++++++++Route IPv4 info+++++++++++++++++++++++++++++
[   17.572176] cloud-init[724]: ci-info: +-------+-------------+----------+-----------------+-----------+-------+
[   17.574733] cloud-init[724]: ci-info: | Route | Destination | Gateway  |     Genmask     | Interface | Flags |
[   17.577583] cloud-init[724]: ci-info: +-------+-------------+----------+-----------------+-----------+-------+
[   17.581923] cloud-init[724]: ci-info: |   0   |   0.0.0.0   | 10.0.2.2 |     0.0.0.0     |   enp0s3  |   UG  |
[   17.584352] cloud-init[724]: ci-info: |   1   |   10.0.2.0  | 0.0.0.0  |  255.255.255.0  |   enp0s3  |   U   |
[   17.586537] cloud-init[724]: ci-info: |   2   |   10.0.2.2  | 0.0.0.0  | 255.255.255.255 |   enp0s3  |   UH  |
[   17.588894] cloud-init[724]: ci-info: +-------+-------------+----------+-----------------+-----------+-------+
[   17.591205] cloud-init[724]: ci-info: +++++++++++++++++++Route IPv6 info+++++++++++++++++++
[   17.593121] cloud-init[724]: ci-info: +-------+-------------+---------+-----------+-------+
[   17.594976] cloud-init[724]: ci-info: | Route | Destination | Gateway | Interface | Flags |
[   17.598227] cloud-init[724]: ci-info: +-------+-------------+---------+-----------+-------+
[   17.600345] cloud-init[724]: ci-info: |   1   |  fe80::/64  |    ::   |   enp0s3  |   U   |
[   17.602324] cloud-init[724]: ci-info: |   3   |    local    |    ::   |   enp0s3  |   U   |
[   17.626984] cloud-init[724]: ci-info: |   4   |   ff00::/8  |    ::   |   enp0s3  |   U   |
[   17.628869] cloud-init[724]: ci-info: +-------+-------------+---------+-----------+-------+
[   18.659857] cloud-init[724]: Generating public/private rsa key pair.
[   18.662690] cloud-init[724]: Your identification has been saved in /etc/ssh/ssh_host_rsa_key.
[   18.669492] cloud-init[724]: Your public key has been saved in /etc/ssh/ssh_host_rsa_key.pub.
[   18.672135] cloud-init[724]: The key fingerprint is:
[   18.673503] cloud-init[724]: SHA256:y9b/OOT0oM9RvKQpMcxkUe6FoUayTXMjAeNpzzgdELs root@ubuntu-bionic
[   18.675925] cloud-init[724]: The key's randomart image is:
[   18.677646] cloud-init[724]: +---[RSA 2048]----+
[   18.680888] cloud-init[724]: |        *oBo=    |
[   18.682132] cloud-init[724]: |       . @ B +   |
[   18.683192] cloud-init[724]: |        * B o .  |
[   18.684462] cloud-init[724]: |       . % o o   |
[   18.685568] cloud-init[724]: |        E O . +  |
[   18.686533] cloud-init[724]: |       . + o+= . |
[   18.687497] cloud-init[724]: |        + o=+o.  |
[   18.688486] cloud-init[724]: |       .  .+oo.  |
[   18.689473] cloud-init[724]: |           .=o.  |
[   18.690583] cloud-init[724]: +----[SHA256]-----+
[   18.691734] cloud-init[724]: Generating public/private dsa key pair.
[   18.693223] cloud-init[724]: Your identification has been saved in /etc/ssh/ssh_host_dsa_key.
[   18.695193] cloud-init[724]: Your public key has been saved in /etc/ssh/ssh_host_dsa_key.pub.
[   18.697451] cloud-init[724]: The key fingerprint is:
[   18.698697] cloud-init[724]: SHA256:agvi7l18KSZvPQFLgC8jEz0bukvyh9FymVi2TrzREoA root@ubuntu-bionic
[   18.700784] cloud-init[724]: The key's randomart image is:
[   18.702096] cloud-init[724]: +---[DSA 1024]----+
[   18.703186] cloud-init[724]: | o .             |
[   18.704331] cloud-init[724]: |E * .            |
[   18.705506] cloud-init[724]: | o * .           |
[   18.706758] cloud-init[724]: |+ + = o          |
[   18.708152] cloud-init[724]: | + O B oS        |
[   18.709378] cloud-init[724]: |o.+ @.o...       |
[   18.710618] cloud-init[724]: |oo.Bo+B.o.       |
[   18.711899] cloud-init[724]: |..oo+B.+o        |
[   18.713401] cloud-init[724]: | o+...o  .       |
[   18.716720] cloud-init[724]: +----[SHA256]-----+
[   18.717926] cloud-init[724]: Generating public/private ecdsa key pair.
[   18.719558] cloud-init[724]: Your identification has been saved in /etc/ssh/ssh_host_ecdsa_key.
[   18.721608] cloud-init[724]: Your public key has been saved in /etc/ssh/ssh_host_ecdsa_key.pub.
[   18.723825] cloud-init[724]: The key fingerprint is:
[   18.725139] cloud-init[724]: SHA256:eO7TGle/MNwsKDYgvJLSwbxTgvOs0UCgyiW2XR7YPX8 root@ubuntu-bionic
[   18.727280] cloud-init[724]: The key's randomart image is:
[   18.740252] cloud-init[724]: +---[ECDSA 256]---+
[   18.741446] cloud-init[724]: |.                |
[   18.742664] cloud-init[724]: |o   o .          |
[   18.744014] cloud-init[724]: |.+ o + o         |
[   18.745251] cloud-init[724]: |=+=.o ..o        |
[   18.747734] cloud-init[724]: |=o=.+.o S. E.    |
[   18.749295] cloud-init[724]: | B * o +  .+ +   |
[   18.750655] cloud-init[724]: |o X .   *.o = +  |
[   18.751793] cloud-init[724]: | + o   o.=.  + . |
[   18.753008] cloud-init[724]: |.       oo    .  |
[   18.754212] cloud-init[724]: +----[SHA256]-----+
[   18.755437] cloud-init[724]: Generating public/private ed25519 key pair.
[   18.757250] cloud-init[724]: Your identification has been saved in /etc/ssh/ssh_host_ed25519_key.
[   18.792250] cloud-init[724]: Your public key has been saved in /etc/ssh/ssh_host_ed25519_key.pub.
[   18.794643] cloud-init[724]: The key fingerprint is:
[   18.796198] cloud-init[724]: SHA256:vx6aI7q+rDdYejhvUeotvlHDKyRG7WIRu/+COHoFxr4 root@ubuntu-bionic
[   18.798289] cloud-init[724]: The key's randomart image is:
[   18.799685] cloud-init[724]: +--[ED25519 256]--+
[   18.800904] cloud-init[724]: |  .              |
[   18.802311] cloud-init[724]: |   +             |
[   18.803630] cloud-init[724]: | .+ .            |
[   18.804913] cloud-init[724]: | .++ ..          |
[   18.806311] cloud-init[724]: | o*.oo+ S        |
[   18.807792] cloud-init[724]: | o.==. o .       |
[   18.809253] cloud-init[724]: | . X+o.   o      |
[   18.810459] cloud-init[724]: |o E.O+o .o o     |
[   18.811596] cloud-init[724]: |oo.XXO..ooo      |
[   18.813077] cloud-init[724]: +----[SHA256]-----+
[[0;32m  OK  [0m] Started Initial cloud-init job (metadata service crawler).
[[0;32m  OK  [0m] Reached target System Initialization.
[[0;32m  OK  [0m] Listening on UUID daemon activation socket.
[[0;32m  OK  [0m] Started Discard unused blocks once a week.
[[0;32m  OK  [0m] Started Daily Cleanup of Temporary Directories.
[[0;32m  OK  [0m] Listening on ACPID Listen Socket.
         Starting Socket activation for snappy daemon.
[[0;32m  OK  [0m] Started Daily apt download activities.
[[0;32m  OK  [0m] Started Daily apt upgrade and clean activities.
[[0;32m  OK  [0m] Listening on D-Bus System Message Bus Socket.
         Starting LXD - unix socket.
[[0;32m  OK  [0m] Started ACPI Events Check.
[[0;32m  OK  [0m] Reached target Paths.
[[0;32m  OK  [0m] Listening on Open-iSCSI iscsid Socket.
[[0;32m  OK  [0m] Started Message of the Day.
[[0;32m  OK  [0m] Reached target Timers.
[[0;32m  OK  [0m] Reached target Network is Online.
[[0;32m  OK  [0m] Reached target Remote File Systems (Pre).
[[0;32m  OK  [0m] Reached target Remote File Systems.
         Starting Availability of block devices...
[[0;32m  OK  [0m] Reached target Cloud-config availability.
[[0;32m  OK  [0m] Listening on Socket activation for snappy daemon.
[[0;32m  OK  [0m] Listening on LXD - unix socket.
[[0;32m  OK  [0m] Started Availability of block devices.
[[0;32m  OK  [0m] Reached target Sockets.
[[0;32m  OK  [0m] Reached target Basic System.
         Starting LSB: automatic crash report generation...
         Starting LSB: Record successful boot for GRUB...
[[0;32m  OK  [0m] Started Deferred execution scheduler.
[[0;32m  OK  [0m] Started Regular background program processing daemon.
         Starting LXD - container startup/shutdown...
         Starting Login Service...
[[0;32m  OK  [0m] Started Unattended Upgrades Shutdown.
         Starting Pollinate to seed the pseudo random number generator...
         Starting Permit User Sessions...
[[0;32m  OK  [0m] Started irqbalance daemon.
         Starting Dispatcher daemon for systemd-networkd...
[[0;32m  OK  [0m] Started D-Bus System Message Bus.
[[0;32m  OK  [0m] Started Login Service.
         Starting Virtualbox guest utils...
         Starting System Logging Service...
         Starting Accounts Service...
[[0;32m  OK  [0m] Started FUSE filesystem for LXC.
         Starting Snappy daemon...
[[0;32m  OK  [0m] Started System Logging Service.
[[0;32m  OK  [0m] Started Permit User Sessions.
         Starting Hold until boot process finishes up...
         Starting Terminate Plymouth Boot Screen...
[[0;32m  OK  [0m] Started Hold until boot process finishes up.
         Starting Set console scheme...
[[0;32m  OK  [0m] Started Serial Getty on ttyS0.
[[0;32m  OK  [0m] Started Terminate Plymouth Boot Screen.
[[0;32m  OK  [0m] Started Set console scheme.
[[0;32m  OK  [0m] Created slice system-getty.slice.
[[0;32m  OK  [0m] Started Getty on tty1.
[[0;32m  OK  [0m] Reached target Login Prompts.
         Starting Authorization Manager...
[[0;32m  OK  [0m] Started LSB: automatic crash report generation.
[[0;32m  OK  [0m] Started LSB: Record successful boot for GRUB.
[[0;32m  OK  [0m] Started Authorization Manager.
[[0;32m  OK  [0m] Started Accounts Service.
[[0;32m  OK  [0m] Started Virtualbox guest utils.
[[0;32m  OK  [0m] Started LXD - container startup/shutdown.
[[0;32m  OK  [0m] Started Snappy daemon.
         Starting Wait until snapd is fully seeded...
[[0;32m  OK  [0m] Started Dispatcher daemon for systemd-networkd.
[[0;32m  OK  [0m] Started Pollinate to seed the pseudo random number generator.
         Starting OpenBSD Secure Shell server...
[[0;32m  OK  [0m] Started OpenBSD Secure Shell server.
[[0;32m  OK  [0m] Created slice User Slice of vagrant.
         Starting User Manager for UID 1000...
[[0;32m  OK  [0m] Started Session 1 of user vagrant.
[[0;32m  OK  [0m] Started User Manager for UID 1000.

Ubuntu 18.04.1 LTS ubuntu-bionic ttyS0

ubuntu-bionic login: [   28.113297] cloud-init[1386]: Cloud-init v. 18.4-0ubuntu1~18.04.1 running 'modules:config' at Mon, 22 Apr 2019 16:37:45 +0000. Up 27.19 seconds.
ci-info: no authorized ssh keys fingerprints found for user ubuntu.
<14>Apr 22 16:37:47 ec2: 
<14>Apr 22 16:37:47 ec2: #############################################################
<14>Apr 22 16:37:47 ec2: -----BEGIN SSH HOST KEY FINGERPRINTS-----
<14>Apr 22 16:37:47 ec2: 1024 SHA256:agvi7l18KSZvPQFLgC8jEz0bukvyh9FymVi2TrzREoA root@ubuntu-bionic (DSA)
<14>Apr 22 16:37:47 ec2: 256 SHA256:eO7TGle/MNwsKDYgvJLSwbxTgvOs0UCgyiW2XR7YPX8 root@ubuntu-bionic (ECDSA)
<14>Apr 22 16:37:47 ec2: 256 SHA256:vx6aI7q+rDdYejhvUeotvlHDKyRG7WIRu/+COHoFxr4 root@ubuntu-bionic (ED25519)
<14>Apr 22 16:37:47 ec2: 2048 SHA256:y9b/OOT0oM9RvKQpMcxkUe6FoUayTXMjAeNpzzgdELs root@ubuntu-bionic (RSA)
<14>Apr 22 16:37:47 ec2: -----END SSH HOST KEY FINGERPRINTS-----
<14>Apr 22 16:37:47 ec2: #############################################################
-----BEGIN SSH HOST KEY KEYS-----
ecdsa-sha2-nistp256 AAAAE2VjZHNhLXNoYTItbmlzdHAyNTYAAAAIbmlzdHAyNTYAAABBBCSL7d1icsRz9lmPww8rcx0SBt2V+KnMHOggfI7wEJEKPgmfeZC8Cfd/fwR31kzcysQwVa45UKo7piv8zdSnLt4= root@ubuntu-bionic
ssh-ed25519 AAAAC3NzaC1lZDI1NTE5AAAAIPD74j0xnLg/kDoUhqivDRGoPSsTpMIs+QFvsG69yyzy root@ubuntu-bionic
ssh-rsa AAAAB3NzaC1yc2EAAAADAQABAAABAQCyvTUJuyHussyDXMHfPfUsg9J8ovxT6dOSlV98jnZJNWlg47DJljtrJvoeGUWIP8fkUvBHL0PUgysbhnd5rdKW7tHnuwAq5oqYP8RmEuj3HBOLqvmVaywYhuYWHpkjmQIngvGEzYchPyjG6S1dkb5L70voRGWRer/apO4l06djpjOHs34ixmcfbM/jSwwajnjCN5oa2odo7iKSNwbItCMqQOZoIIOumzw7OJe3EmncXVSdZau+1ZI16LXymmQwNv0otZ0fufW78dseCylV3GF4BqTDOrBf6yrzFHwDxzFfuA+yndVx7s4O2OqT/FU5T+iVp9boOsDYu3QC7yJA//o5 root@ubuntu-bionic
-----END SSH HOST KEY KEYS-----
[   29.194547] cloud-init[1556]: Cloud-init v. 18.4-0ubuntu1~18.04.1 running 'modules:final' at Mon, 22 Apr 2019 16:37:47 +0000. Up 28.92 seconds.
[   29.194666] cloud-init[1556]: ci-info: no authorized ssh keys fingerprints found for user ubuntu.
[   29.194766] cloud-init[1556]: Cloud-init v. 18.4-0ubuntu1~18.04.1 finished at Mon, 22 Apr 2019 16:37:47 +0000. Datasource DataSourceNoCloud [seed=/dev/sdb][dsmode=net].  Up 29.17 seconds
